maxCharBuffer : 100000000
maxSPJTime : 10000
maxSPJMemory : 102400000
taskID : 100031
uid : 1
gid : 1
judgeMode : 0
iOMode : 0
strictMode : 0
workSpacePath : /home/kalzn/judge/task_workspace_5922/
logPath : /home/kalzn/log/run_log_45.txt
isSPJ : 1
spjExePath : spj/spj_003
spjExeName : spj_003
translator-mode : 0
compilerPath : /usr/bin/g++
compilerOption : g++
compilerProductName : pending_exe
data 0 ------- : inputData : data/1.in
outputData : €梤
stdAnswer : data/1.out
maxCPUTime : 1024000
maxMemory : 1024000000
maxStack : 1991263004